**********************************
***  Binary         HEX        ***
**********************************
0000000000000000	0000
1111110000010000	FC10
0000000000000001	0001
1111010011010000	F4D0
0000000000001010	000A
1110001100000001	E301
0000000000000001	0001
1111110000010000	FC10
0000000000001100	000C
1110101010000111	EA87
0000000000000000	0000
1111110000010000	FC10
0000000000000010	0002
1110001100001000	E308
0000000000001110	000E
1110101010000111	EA87
**********************************
***         LABELS             ***
**********************************
FIRST:		 10
SECOND:		 12
END:		 14
**********************************
***         SYMBOLS            ***
**********************************
R0:		 0
R1:		 1
R2:		 2
R3:		 3
R4:		 4
R5:		 5
R6:		 6
R7:		 7
R8:		 8
R9:		 9
R10:		 10
R11:		 11
R12:		 12
R13:		 13
R14:		 14
R15:		 15
