e:\vs_classroomprojects\spr20-coa-hackassembler with classes\hackassembler\debug\vc142.pdb
e:\vs_classroomprojects\spr20-coa-hackassembler with classes\hackassembler\debug\vc142.idb
e:\vs_classroomprojects\spr20-coa-hackassembler with classes\hackassembler\debug\jumps.obj
e:\vs_classroomprojects\spr20-coa-hackassembler with classes\hackassembler\debug\hackassembler.obj
e:\vs_classroomprojects\spr20-coa-hackassembler with classes\hackassembler\debug\destinations.obj
e:\vs_classroomprojects\spr20-coa-hackassembler with classes\hackassembler\debug\computations.obj
e:\vs_classroomprojects\spr20-coa-hackassembler with classes\debug\hackassembler.pdb
e:\vs_classroomprojects\spr20-coa-hackassembler with classes\hackassembler\debug\hackassembler.tlog\cl.command.1.tlog
e:\vs_classroomprojects\spr20-coa-hackassembler with classes\hackassembler\debug\hackassembler.tlog\cl.read.1.tlog
e:\vs_classroomprojects\spr20-coa-hackassembler with classes\hackassembler\debug\hackassembler.tlog\cl.write.1.tlog
e:\vs_classroomprojects\spr20-coa-hackassembler with classes\hackassembler\debug\hackassembler.tlog\link-cvtres.read.1.tlog
e:\vs_classroomprojects\spr20-coa-hackassembler with classes\hackassembler\debug\hackassembler.tlog\link-cvtres.write.1.tlog
e:\vs_classroomprojects\spr20-coa-hackassembler with classes\hackassembler\debug\hackassembler.tlog\link-rc.read.1.tlog
e:\vs_classroomprojects\spr20-coa-hackassembler with classes\hackassembler\debug\hackassembler.tlog\link-rc.write.1.tlog
e:\vs_classroomprojects\spr20-coa-hackassembler with classes\hackassembler\debug\hackassembler.tlog\link.1276-cvtres.read.1.tlog
e:\vs_classroomprojects\spr20-coa-hackassembler with classes\hackassembler\debug\hackassembler.tlog\link.1276-cvtres.write.1.tlog
e:\vs_classroomprojects\spr20-coa-hackassembler with classes\hackassembler\debug\hackassembler.tlog\link.1276-rc.read.1.tlog
e:\vs_classroomprojects\spr20-coa-hackassembler with classes\hackassembler\debug\hackassembler.tlog\link.1276-rc.write.1.tlog
e:\vs_classroomprojects\spr20-coa-hackassembler with classes\hackassembler\debug\hackassembler.tlog\link.1276.read.1.tlog
e:\vs_classroomprojects\spr20-coa-hackassembler with classes\hackassembler\debug\hackassembler.tlog\link.1276.write.1.tlog
e:\vs_classroomprojects\spr20-coa-hackassembler with classes\hackassembler\debug\hackassembler.tlog\link.command.1.tlog
e:\vs_classroomprojects\spr20-coa-hackassembler with classes\hackassembler\debug\hackassembler.tlog\link.read.1.tlog
e:\vs_classroomprojects\spr20-coa-hackassembler with classes\hackassembler\debug\hackassembler.tlog\link.write.1.tlog
